Build started 3/11/2016 2:46:49 PM.
     1>Project "C:\Users\Kathy\documents\visual studio 2010\Projects\file_encryption_project\file_encryption_project\file_encryption_project.vcxproj" on node 2 (build target(s)).
     1>InitializeBuildStatus:
         Creating "Debug\file_encryption_project.unsuccessfulbuild" because "AlwaysCreate" was specified.
       ClCompile:
         c:\Program Files (x86)\Microsoft Visual Studio 10.0\VC\bin\CL.exe /c /ZI /nologo /W3 /WX- /Od /Oy- /D WIN32 /D _DEBUG /D _CONSOLE /D _UNICODE /D UNICODE /Gm /EHsc /RTC1 /MDd /GS /fp:precise /Zc:wchar_t /Zc:forScope /Fo"Debug\\" /Fd"Debug\vc100.pdb" /Gd /TP /analyze- /errorReport:prompt main2.cpp
         main2.cpp
     1>c:\users\kathy\documents\visual studio 2010\projects\file_encryption_project\file_encryption_project\encryption.h(220): warning C4018: '<' : signed/unsigned mismatch
     1>c:\users\kathy\documents\visual studio 2010\projects\file_encryption_project\file_encryption_project\encryption.h(227): warning C4018: '<' : signed/unsigned mismatch
     1>c:\users\kathy\documents\visual studio 2010\projects\file_encryption_project\file_encryption_project\encryption.h(256): warning C4018: '<' : signed/unsigned mismatch
     1>c:\users\kathy\documents\visual studio 2010\projects\file_encryption_project\file_encryption_project\encryption.h(263): warning C4018: '<' : signed/unsigned mismatch
       ManifestResourceCompile:
         All outputs are up-to-date.
       Link:
         c:\Program Files (x86)\Microsoft Visual Studio 10.0\VC\bin\link.exe /ERRORREPORT:PROMPT /OUT:"C:\Users\Kathy\documents\visual studio 2010\Projects\file_encryption_project\Debug\file_encryption_project.exe" /INCREMENTAL /NOLOGO kernel32.lib user32.lib gdi32.lib winspool.lib comdlg32.lib advapi32.lib shell32.lib ole32.lib oleaut32.lib uuid.lib odbc32.lib odbccp32.lib /MANIFEST /ManifestFile:"Debug\file_encryption_project.exe.intermediate.manifest" /MANIFESTUAC:"level='asInvoker' uiAccess='false'" /DEBUG /PDB:"C:\Users\Kathy\documents\visual studio 2010\Projects\file_encryption_project\Debug\file_encryption_project.pdb" /SUBSYSTEM:CONSOLE /TLBID:1 /DYNAMICBASE /NXCOMPAT /IMPLIB:"C:\Users\Kathy\documents\visual studio 2010\Projects\file_encryption_project\Debug\file_encryption_project.lib" /MACHINE:X86 Debug\file_encryption_project.exe.embed.manifest.res
         Debug\main2.obj
       Manifest:
         C:\Program Files (x86)\Microsoft SDKs\Windows\v7.0A\bin\mt.exe /nologo /verbose /out:"Debug\file_encryption_project.exe.embed.manifest" /manifest Debug\file_encryption_project.exe.intermediate.manifest
         All outputs are up-to-date.
       LinkEmbedManifest:
         All outputs are up-to-date.
         file_encryption_project.vcxproj -> C:\Users\Kathy\documents\visual studio 2010\Projects\file_encryption_project\Debug\file_encryption_project.exe
       FinalizeBuildStatus:
         Deleting file "Debug\file_encryption_project.unsuccessfulbuild".
         Touching "Debug\file_encryption_project.lastbuildstate".
     1>Done Building Project "C:\Users\Kathy\documents\visual studio 2010\Projects\file_encryption_project\file_encryption_project\file_encryption_project.vcxproj" (build target(s)).

Build succeeded.

Time Elapsed 00:00:00.78
